# JRE version: Java(TM) SE Runtime Environment (9.0+11) (build 9.0.4+11)
# Java VM: Java HotSpot(TM) 64-Bit Server VM (9.0.4+11, mixed mode, tiered, compressed oops, g1 gc, linux-amd64)
Heap:
 garbage-first heap   total 737280K, used 175407K [0x000000008ec00000, 0x000000008ed01680, 0x0000000100000000)
  region size 1024K, 4 young (4096K), 4 survivors (4096K)
 Metaspace       used 51429K, capacity 55378K, committed 55452K, reserved 1097728K
  class space    used 6679K, capacity 7311K, committed 7324K, reserved 1048576K
GC Heap History (10 events):
Event: 86.996 GC heap after
{Heap after GC invocations=65 (full 0):
 garbage-first heap   total 204800K, used 164253K [0x000000008ec00000, 0x000000008ed00640, 0x0000000100000000)
  region size 1024K, 2 young (2048K), 2 survivors (2048K)
 Metaspace       used 51427K, capacity 55378K, committed 55452K, reserved 1097728K
  class space    used 6679K, capacity 7311K, committed 7324K, reserved 1048576K
}
Event: 87.110 GC heap before
{Heap before GC invocations=65 (full 0):
 garbage-first heap   total 204800K, used 179613K [0x000000008ec00000, 0x000000008ed00640, 0x0000000100000000)
  region size 1024K, 17 young (17408K), 2 survivors (2048K)
 Metaspace       used 51427K, capacity 55378K, committed 55452K, reserved 1097728K
  class space    used 6679K, capacity 7311K, committed 7324K, reserved 1048576K
}
Event: 87.118 GC heap after
{Heap after GC invocations=66 (full 0):
 garbage-first heap   total 245760K, used 165583K [0x000000008ec00000, 0x000000008ed00780, 0x0000000100000000)
  region size 1024K, 2 young (2048K), 2 survivors (2048K)
 Metaspace       used 51427K, capacity 55378K, committed 55452K, reserved 1097728K
  class space    used 6679K, capacity 7311K, committed 7324K, reserved 1048576K
}
Event: 89.107 GC heap before
{Heap before GC invocations=66 (full 0):
 garbage-first heap   total 245760K, used 198351K [0x000000008ec00000, 0x000000008ed00780, 0x0000000100000000)
  region size 1024K, 34 young (34816K), 2 survivors (2048K)
 Metaspace       used 51427K, capacity 55378K, committed 55452K, reserved 1097728K
  class space    used 6679K, capacity 7311K, committed 7324K, reserved 1048576K
}
Event: 89.117 GC heap after
{Heap after GC invocations=67 (full 0):
 garbage-first heap   total 245760K, used 168228K [0x000000008ec00000, 0x000000008ed00780, 0x0000000100000000)
  region size 1024K, 4 young (4096K), 4 survivors (4096K)
 Metaspace       used 51427K, capacity 55378K, committed 55452K, reserved 1097728K
  class space    used 6679K, capacity 7311K, committed 7324K, reserved 1048576K
}
Event: 89.345 GC heap before
{Heap before GC invocations=67 (full 0):
 garbage-first heap   total 245760K, used 200996K [0x000000008ec00000, 0x000000008ed00780, 0x0000000100000000)
  region size 1024K, 36 young (36864K), 4 survivors (4096K)
 Metaspace       used 51427K, capacity 55378K, committed 55452K, reserved 1097728K
  class space    used 6679K, capacity 7311K, committed 7324K, reserved 1048576K
}
Event: 89.988 GC heap after
{Heap after GC invocations=68 (full 0):
 garbage-first heap   total 245760K, used 171364K [0x000000008ec00000, 0x000000008ed00780, 0x0000000100000000)
  region size 1024K, 4 young (4096K), 4 survivors (4096K)
 Metaspace       used 51427K, capacity 55378K, committed 55452K, reserved 1097728K
  class space    used 6679K, capacity 7311K, committed 7324K, reserved 1048576K
}
Event: 90.129 GC heap before
{Heap before GC invocations=68 (full 0):
 garbage-first heap   total 245760K, used 190820K [0x000000008ec00000, 0x000000008ed00780, 0x0000000100000000)
  region size 1024K, 23 young (23552K), 4 survivors (4096K)
 Metaspace       used 51427K, capacity 55378K, committed 55452K, reserved 1097728K
  class space    used 6679K, capacity 7311K, committed 7324K, reserved 1048576K
}
Event: 90.195 GC heap after
{Heap after GC invocations=69 (full 0):
 garbage-first heap   total 245760K, used 173769K [0x000000008ec00000, 0x000000008ed00780, 0x0000000100000000)
  region size 1024K, 3 young (3072K), 3 survivors (3072K)
 Metaspace       used 51427K, capacity 55378K, committed 55452K, reserved 1097728K
  class space    used 6679K, capacity 7311K, committed 7324K, reserved 1048576K
}
Event: 90.571 GC heap before
{Heap before GC invocations=69 (full 0):
 garbage-first heap   total 245760K, used 197321K [0x000000008ec00000, 0x000000008ed00780, 0x0000000100000000)
  region size 1024K, 26 young (26624K), 3 survivors (3072K)
 Metaspace       used 51429K, capacity 55378K, committed 55452K, reserved 1097728K
  class space    used 6679K, capacity 7311K, committed 7324K, reserved 1048576K
}

